<?xml version="1.0" ?>
<!DOCTYPE coverage SYSTEM "http://cobertura.sourceforge.net/xml/coverage-04.dtd">
<coverage lines-valid="3" lines-covered="2" line-rate="0.6667000000000001" branches-valid="0" branches-covered="0" branch-rate="1" timestamp="1542396259470" complexity="0" version="0.1">
  <sources>
    <source>D:\Azure\azurepipeline\NodeApp</source>
  </sources>
  <packages>
    <class name="calculator.js" filename="src\calculator.js" line-rate="0.6667000000000001" branch-rate="1">
      <methods>
        <method name="(anonymous_0)" hits="1" signature="()V">
          <lines>
            <line number="2" hits="1"/>
          </lines>
        </method>
        <method name="(anonymous_1)" hits="3" signature="()V">
          <lines>
            <line number="5" hits="3"/>
          </lines>
        </method>
        <method name="(anonymous_2)" hits="0" signature="()V">
          <lines>
            <line number="9" hits="0"/>
          </lines>
        </method>
      </methods>
      <lines>
        <line number="1" hits="1" branch="false"/>
        <line number="6" hits="3" branch="false"/>
        <line number="10" hits="0" branch="false"/>
      </lines>
    </class>
  </packages>
</coverage>
